<?xml version="1.0" encoding="UTF-8"?>
<robot generator="Robot 4.1.3 (Python 3.7.5 on win32)" generated="20211219 03:14:20.675" rpa="false" schemaversion="2">
<suite id="s1" name="Robot Interactive Console" source="c:\Users\AnirbanDas\.vscode\extensions\robocorp.robotframework-lsp-0.34.0\src\robotframework_ls\vendored\robotframework_interactive\robot_interactive_console.robot">
<test id="s1-t1" name="Default Task/Test">
<kw name="Interpreter Main Loop" library="MainLoop">
<kw name="Split String From Right" library="String">
<arg>${ENV_JSON}[rb_order_requests_file]</arg>
<doc>Splits the ``string`` using ``separator`` starting from right.</doc>
<msg timestamp="20211219 03:17:41.212" level="FAIL">Variable '${ENV_JSON}' not found.</msg>
<status status="FAIL" starttime="20211219 03:17:41.204" endtime="20211219 03:17:41.212"/>
</kw>
<kw name="Split String From Right" library="String">
<arg>https://robotsparebinindustries.com/orders.csv</arg>
<arg>/</arg>
<doc>Splits the ``string`` using ``separator`` starting from right.</doc>
<status status="PASS" starttime="20211219 03:18:26.681" endtime="20211219 03:18:26.683"/>
</kw>
<status status="PASS" starttime="20211219 03:14:20.915" endtime="20211219 03:20:29.674"/>
</kw>
<status status="PASS" starttime="20211219 03:14:20.914" endtime="20211219 03:20:29.674"/>
</test>
<status status="PASS" starttime="20211219 03:14:20.679" endtime="20211219 03:20:29.677"/>
</suite>
<statistics>
<total>
<stat pass="1" fail="0" skip="0">All Tests</stat>
</total>
<tag>
</tag>
<suite>
<stat pass="1" fail="0" skip="0" id="s1" name="Robot Interactive Console">Robot Interactive Console</stat>
</suite>
</statistics>
<errors>
</errors>
</robot>
